app/build/intermediates/manifest_merge_blame_file/debug/manifest-merger-blame-debug-report.txt
1<?xml version="1.0" encoding="utf-8"?>
2<manifest xmlns:android="http://schemas.android.com/apk/res/android"
3    package="dnsfilter.android"
4    android:versionCode="1505503"
5    android:versionName="1.50.55.3" >
6
7    <uses-sdk
8        android:minSdkVersion="17"
8-->src/main/AndroidManifest.xml
9        android:targetSdkVersion="33" />
9-->src/main/AndroidManifest.xml
10
11    <uses-permission android:name="android.permission.INTERNET" />
11-->src/main/AndroidManifest.xml:7:5-67
11-->src/main/AndroidManifest.xml:7:22-64
12    <uses-permission android:name="android.permission.READ_EXTERNAL_STORAGE" />
12-->src/main/AndroidManifest.xml:8:5-80
12-->src/main/AndroidManifest.xml:8:22-77
13    <uses-permission android:name="android.permission.ACCESS_NETWORK_STATE" />
13-->src/main/AndroidManifest.xml:9:5-79
13-->src/main/AndroidManifest.xml:9:22-76
14    <uses-permission android:name="android.permission.WRITE_EXTERNAL_STORAGE" />
14-->src/main/AndroidManifest.xml:10:5-81
14-->src/main/AndroidManifest.xml:10:22-78
15    <uses-permission android:name="android.permission.RECEIVE_BOOT_COMPLETED" />
15-->src/main/AndroidManifest.xml:11:5-81
15-->src/main/AndroidManifest.xml:11:22-78
16    <uses-permission android:name="android.permission.WAKE_LOCK" />
16-->src/main/AndroidManifest.xml:12:5-68
16-->src/main/AndroidManifest.xml:12:22-65
17    <uses-permission android:name="android.permission.FOREGROUND_SERVICE" />
17-->src/main/AndroidManifest.xml:13:5-77
17-->src/main/AndroidManifest.xml:13:22-74
18    <uses-permission android:name="android.permission.QUERY_ALL_PACKAGES" />
18-->src/main/AndroidManifest.xml:14:5-77
18-->src/main/AndroidManifest.xml:14:22-74
19    <uses-permission android:name="android.permission.POST_NOTIFICATIONS" />
19-->src/main/AndroidManifest.xml:15:5-76
19-->src/main/AndroidManifest.xml:15:22-74
20    <uses-permission android:name="android.permission.CHANGE_WIFI_MULTICAST_STATE" />
20-->src/main/AndroidManifest.xml:16:5-86
20-->src/main/AndroidManifest.xml:16:22-83
21    <uses-permission android:name="android.permission.ACCESS_WIFI_STATE" />
21-->src/main/AndroidManifest.xml:17:5-75
21-->src/main/AndroidManifest.xml:17:22-73
22
23    <application
23-->src/main/AndroidManifest.xml:18:5-65:19
24        android:name="dnsfilter.android.PersonalDNSFilterApp"
24-->src/main/AndroidManifest.xml:23:9-45
25        android:debuggable="true"
26        android:icon="@mipmap/ic_launcher"
26-->src/main/AndroidManifest.xml:19:9-43
27        android:label="personalDNSfilter"
27-->src/main/AndroidManifest.xml:20:9-42
28        android:theme="@style/Theme.phttpp.TitleBar"
28-->src/main/AndroidManifest.xml:21:9-53
29        android:usesCleartextTraffic="true" >
29-->src/main/AndroidManifest.xml:22:9-44
30        <activity
30-->src/main/AndroidManifest.xml:25:9-30:20
31            android:name="dnsfilter.android.dnsserverconfig.DNSServerConfigActivity"
31-->src/main/AndroidManifest.xml:26:13-68
32            android:exported="false"
32-->src/main/AndroidManifest.xml:28:13-37
33            android:parentActivityName="dnsfilter.android.DNSProxyActivity"
33-->src/main/AndroidManifest.xml:29:13-59
34            android:theme="@style/Theme.phttpp.TitleBar.DNSConfig" >
34-->src/main/AndroidManifest.xml:27:13-67
35        </activity>
36        <activity
36-->src/main/AndroidManifest.xml:32:9-42:20
37            android:name="dnsfilter.android.DNSProxyActivity"
37-->src/main/AndroidManifest.xml:33:13-45
38            android:exported="true"
38-->src/main/AndroidManifest.xml:36:13-38
39            android:label="personalDNSfilter"
39-->src/main/AndroidManifest.xml:34:13-46
40            android:windowSoftInputMode="adjustPan" >
40-->src/main/AndroidManifest.xml:35:13-52
41            <intent-filter>
41-->src/main/AndroidManifest.xml:37:13-41:29
42                <action android:name="android.intent.action.MAIN" />
42-->src/main/AndroidManifest.xml:38:17-69
42-->src/main/AndroidManifest.xml:38:25-66
43
44                <category android:name="android.intent.category.LAUNCHER" />
44-->src/main/AndroidManifest.xml:40:17-77
44-->src/main/AndroidManifest.xml:40:27-74
45            </intent-filter>
46        </activity>
47
48        <service
48-->src/main/AndroidManifest.xml:44:9-52:19
49            android:name="dnsfilter.android.DNSFilterService"
49-->src/main/AndroidManifest.xml:45:13-45
50            android:exported="true"
50-->src/main/AndroidManifest.xml:48:13-36
51            android:label="personalDNSfilterService"
51-->src/main/AndroidManifest.xml:46:13-53
52            android:permission="android.permission.BIND_VPN_SERVICE" >
52-->src/main/AndroidManifest.xml:47:13-69
53            <intent-filter>
53-->src/main/AndroidManifest.xml:49:13-51:29
54                <action android:name="android.net.VpnService" />
54-->src/main/AndroidManifest.xml:50:17-65
54-->src/main/AndroidManifest.xml:50:25-62
55            </intent-filter>
56        </service>
57
58        <receiver
58-->src/main/AndroidManifest.xml:54:9-64:20
59            android:name="dnsfilter.android.BootUpReceiver"
59-->src/main/AndroidManifest.xml:55:13-43
60            android:enabled="true"
60-->src/main/AndroidManifest.xml:56:13-35
61            android:exported="true"
61-->src/main/AndroidManifest.xml:58:13-36
62            android:permission="android.permission.RECEIVE_BOOT_COMPLETED" >
62-->src/main/AndroidManifest.xml:57:13-75
63            <intent-filter>
63-->src/main/AndroidManifest.xml:59:13-63:29
64                <action android:name="android.intent.action.BOOT_COMPLETED" />
64-->src/main/AndroidManifest.xml:60:17-79
64-->src/main/AndroidManifest.xml:60:25-76
65
66                <category android:name="android.intent.category.DEFAULT" />
66-->src/main/AndroidManifest.xml:62:17-76
66-->src/main/AndroidManifest.xml:62:27-73
67            </intent-filter>
68        </receiver>
69    </application>
70
71</manifest>